<?xml version="1.0" encoding="UTF-8"?>
<!-- Generated by org.testng.reporters.JUnitReportReporter -->
<testsuite hostname="1-PC0PJ1VX-2" failures="0" tests="2" name="com.teradici.basePkg.TC1" time="0.363" errors="0" timestamp="2023-04-05T17:37:09 IST" skipped="0">
  <testcase classname="com.teradici.basePkg.TC1" name="test2" time="0.358"/>
  <system-out/>
  <testcase classname="com.teradici.basePkg.TC1" name="test1" time="0.005"/>
  <system-out/>
</testsuite> <!-- com.teradici.basePkg.TC1 -->
