<?xml version="1.0" encoding="UTF-8"?>
<!-- Generated by org.testng.reporters.JUnitReportReporter -->
<testsuite hostname="1-PC0PJ1VX-2" failures="0" tests="2" name="com.teradici.basePkg.TC2" time="0.020" errors="0" timestamp="2023-03-30T14:09:01 IST" skipped="0">
  <testcase classname="com.teradici.basePkg.TC2" name="test3" time="0.015"/>
  <system-out/>
  <testcase classname="com.teradici.basePkg.TC2" name="test4" time="0.005"/>
  <system-out/>
</testsuite> <!-- com.teradici.basePkg.TC2 -->
